<?xml version="1.0" encoding="UTF-8"?>
<testsuite name="net.absoft.SWAGLabsBrowersTest" tests="2" skipped="0" failures="0" errors="0" timestamp="2022-08-07T13:20:40" hostname="DESKTOP-AR569GB" time="30.98">
  <properties/>
  <testcase name="TestLockedUser" classname="net.absoft.SWAGLabsBrowersTest" time="3.314"/>
  <testcase name="TestWrongPassword" classname="net.absoft.SWAGLabsBrowersTest" time="2.034"/>
  <system-out><![CDATA[]]></system-out>
  <system-err><![CDATA[Starting ChromeDriver 103.0.5060.53 (a1711811edd74ff1cf2150f36ffa3b0dae40b17f-refs/branch-heads/5060@{#853}) on port 53042
Only local connections are allowed.
Please see https://chromedriver.chromium.org/security-considerations for suggestions on keeping ChromeDriver safe.
ChromeDriver was started successfully.
авг. 07, 2022 4:20:32 PM org.openqa.selenium.remote.ProtocolHandshake createSession
INFO: Detected upstream dialect: W3C
авг. 07, 2022 4:20:37 PM org.openqa.selenium.devtools.CdpVersionFinder findNearestMatch
INFO: Found exact CDP implementation for version 103
Starting ChromeDriver 103.0.5060.53 (a1711811edd74ff1cf2150f36ffa3b0dae40b17f-refs/branch-heads/5060@{#853}) on port 54766
Only local connections are allowed.
Please see https://chromedriver.chromium.org/security-considerations for suggestions on keeping ChromeDriver safe.
ChromeDriver was started successfully.
авг. 07, 2022 4:20:57 PM org.openqa.selenium.remote.ProtocolHandshake createSession
INFO: Detected upstream dialect: W3C
авг. 07, 2022 4:20:57 PM org.openqa.selenium.devtools.CdpVersionFinder findNearestMatch
INFO: Found exact CDP implementation for version 103
]]></system-err>
</testsuite>
